This is pdfTeX, Version 3.1415926-2.4-1.40.13 (MiKTeX 2.9 64-bit) (preloaded format=pdflatex 2013.9.2)  9 DEC 2014 09:51
entering extended mode
**informe.tex
(C:\Users\Agustina\Documents\GitHub\orga2\tp2\documentos\informe.tex
LaTeX2e <2011/06/27>
Babel <v3.8m> and hyphenation patterns for english, afrikaans, ancientgreek, ar
abic, armenian, assamese, basque, bengali, bokmal, bulgarian, catalan, coptic, 
croatian, czech, danish, dutch, esperanto, estonian, farsi, finnish, french, ga
lician, german, german-x-2012-05-30, greek, gujarati, hindi, hungarian, iceland
ic, indonesian, interlingua, irish, italian, kannada, kurmanji, latin, latvian,
 lithuanian, malayalam, marathi, mongolian, mongolianlmc, monogreek, ngerman, n
german-x-2012-05-30, nynorsk, oriya, panjabi, pinyin, polish, portuguese, roman
ian, russian, sanskrit, serbian, slovak, slovenian, spanish, swedish, swissgerm
an, tamil, telugu, turkish, turkmen, ukenglish, ukrainian, uppersorbian, usengl
ishmax, welsh, loaded.
("C:\Program Files\MiKTeX 2.9\tex\latex\base\article.cls"
Document Class: article 2007/10/19 v1.4h Standard LaTeX document class
("C:\Program Files\MiKTeX 2.9\tex\latex\base\size10.clo"
File: size10.clo 2007/10/19 v1.4h Standard LaTeX file (size option)
)
\c@part=\count79
\c@section=\count80
\c@subsection=\count81
\c@subsubsection=\count82
\c@paragraph=\count83
\c@subparagraph=\count84
\c@figure=\count85
\c@table=\count86
\abovecaptionskip=\skip41
\belowcaptionskip=\skip42
\bibindent=\dimen102
)
("C:\Program Files\MiKTeX 2.9\tex\generic\babel\babel.sty"
Package: babel 2008/07/08 v3.8m The Babel package

*************************************
* Local config file bblopts.cfg used
*
("C:\Program Files\MiKTeX 2.9\tex\latex\00miktex\bblopts.cfg"
File: bblopts.cfg 2006/07/31 v1.0 MiKTeX 'babel' configuration
)
("C:\Program Files\MiKTeX 2.9\tex\generic\babel\spanish.ldf"
Language: spanish.ldf 2009/01/02 v5.0h Spanish support from the babel system

("C:\Program Files\MiKTeX 2.9\tex\generic\babel\babel.def"
File: babel.def 2008/07/08 v3.8m Babel common definitions
\babel@savecnt=\count87
\U@D=\dimen103
)
\es@datefmt=\count88
\es@quottoks=\toks14
\es@quotdepth=\count89
Package babel Info: Making " an active character on input line 492.
Package babel Info: Making . an active character on input line 585.
Package babel Info: Making < an active character on input line 630.
Package babel Info: Making > an active character on input line 630.
))
("C:\Program Files\MiKTeX 2.9\tex\latex\base\inputenc.sty"
Package: inputenc 2008/03/30 v1.1d Input encoding file
\inpenc@prehook=\toks15
\inpenc@posthook=\toks16

("C:\Program Files\MiKTeX 2.9\tex\latex\base\utf8.def"
File: utf8.def 2008/04/05 v1.1m UTF-8 support for inputenc
Now handling font encoding OML ...
... no UTF-8 mapping file for font encoding OML
Now handling font encoding T1 ...
... processing UTF-8 mapping file for font encoding T1

("C:\Program Files\MiKTeX 2.9\tex\latex\base\t1enc.dfu"
File: t1enc.dfu 2008/04/05 v1.1m UTF-8 support for inputenc
   defining Unicode char U+00A1 (decimal 161)
   defining Unicode char U+00A3 (decimal 163)
   defining Unicode char U+00AB (decimal 171)
   defining Unicode char U+00BB (decimal 187)
   defining Unicode char U+00BF (decimal 191)
   defining Unicode char U+00C0 (decimal 192)
   defining Unicode char U+00C1 (decimal 193)
   defining Unicode char U+00C2 (decimal 194)
   defining Unicode char U+00C3 (decimal 195)
   defining Unicode char U+00C4 (decimal 196)
   defining Unicode char U+00C5 (decimal 197)
   defining Unicode char U+00C6 (decimal 198)
   defining Unicode char U+00C7 (decimal 199)
   defining Unicode char U+00C8 (decimal 200)
   defining Unicode char U+00C9 (decimal 201)
   defining Unicode char U+00CA (decimal 202)
   defining Unicode char U+00CB (decimal 203)
   defining Unicode char U+00CC (decimal 204)
   defining Unicode char U+00CD (decimal 205)
   defining Unicode char U+00CE (decimal 206)
   defining Unicode char U+00CF (decimal 207)
   defining Unicode char U+00D0 (decimal 208)
   defining Unicode char U+00D1 (decimal 209)
   defining Unicode char U+00D2 (decimal 210)
   defining Unicode char U+00D3 (decimal 211)
   defining Unicode char U+00D4 (decimal 212)
   defining Unicode char U+00D5 (decimal 213)
   defining Unicode char U+00D6 (decimal 214)
   defining Unicode char U+00D8 (decimal 216)
   defining Unicode char U+00D9 (decimal 217)
   defining Unicode char U+00DA (decimal 218)
   defining Unicode char U+00DB (decimal 219)
   defining Unicode char U+00DC (decimal 220)
   defining Unicode char U+00DD (decimal 221)
   defining Unicode char U+00DE (decimal 222)
   defining Unicode char U+00DF (decimal 223)
   defining Unicode char U+00E0 (decimal 224)
   defining Unicode char U+00E1 (decimal 225)
   defining Unicode char U+00E2 (decimal 226)
   defining Unicode char U+00E3 (decimal 227)
   defining Unicode char U+00E4 (decimal 228)
   defining Unicode char U+00E5 (decimal 229)
   defining Unicode char U+00E6 (decimal 230)
   defining Unicode char U+00E7 (decimal 231)
   defining Unicode char U+00E8 (decimal 232)
   defining Unicode char U+00E9 (decimal 233)
   defining Unicode char U+00EA (decimal 234)
   defining Unicode char U+00EB (decimal 235)
   defining Unicode char U+00EC (decimal 236)
   defining Unicode char U+00ED (decimal 237)
   defining Unicode char U+00EE (decimal 238)
   defining Unicode char U+00EF (decimal 239)
   defining Unicode char U+00F0 (decimal 240)
   defining Unicode char U+00F1 (decimal 241)
   defining Unicode char U+00F2 (decimal 242)
   defining Unicode char U+00F3 (decimal 243)
   defining Unicode char U+00F4 (decimal 244)
   defining Unicode char U+00F5 (decimal 245)
   defining Unicode char U+00F6 (decimal 246)
   defining Unicode char U+00F8 (decimal 248)
   defining Unicode char U+00F9 (decimal 249)
   defining Unicode char U+00FA (decimal 250)
   defining Unicode char U+00FB (decimal 251)
   defining Unicode char U+00FC (decimal 252)
   defining Unicode char U+00FD (decimal 253)
   defining Unicode char U+00FE (decimal 254)
   defining Unicode char U+00FF (decimal 255)
   defining Unicode char U+0102 (decimal 258)
   defining Unicode char U+0103 (decimal 259)
   defining Unicode char U+0104 (decimal 260)
   defining Unicode char U+0105 (decimal 261)
   defining Unicode char U+0106 (decimal 262)
   defining Unicode char U+0107 (decimal 263)
   defining Unicode char U+010C (decimal 268)
   defining Unicode char U+010D (decimal 269)
   defining Unicode char U+010E (decimal 270)
   defining Unicode char U+010F (decimal 271)
   defining Unicode char U+0110 (decimal 272)
   defining Unicode char U+0111 (decimal 273)
   defining Unicode char U+0118 (decimal 280)
   defining Unicode char U+0119 (decimal 281)
   defining Unicode char U+011A (decimal 282)
   defining Unicode char U+011B (decimal 283)
   defining Unicode char U+011E (decimal 286)
   defining Unicode char U+011F (decimal 287)
   defining Unicode char U+0130 (decimal 304)
   defining Unicode char U+0131 (decimal 305)
   defining Unicode char U+0132 (decimal 306)
   defining Unicode char U+0133 (decimal 307)
   defining Unicode char U+0139 (decimal 313)
   defining Unicode char U+013A (decimal 314)
   defining Unicode char U+013D (decimal 317)
   defining Unicode char U+013E (decimal 318)
   defining Unicode char U+0141 (decimal 321)
   defining Unicode char U+0142 (decimal 322)
   defining Unicode char U+0143 (decimal 323)
   defining Unicode char U+0144 (decimal 324)
   defining Unicode char U+0147 (decimal 327)
   defining Unicode char U+0148 (decimal 328)
   defining Unicode char U+014A (decimal 330)
   defining Unicode char U+014B (decimal 331)
   defining Unicode char U+0150 (decimal 336)
   defining Unicode char U+0151 (decimal 337)
   defining Unicode char U+0152 (decimal 338)
   defining Unicode char U+0153 (decimal 339)
   defining Unicode char U+0154 (decimal 340)
   defining Unicode char U+0155 (decimal 341)
   defining Unicode char U+0158 (decimal 344)
   defining Unicode char U+0159 (decimal 345)
   defining Unicode char U+015A (decimal 346)
   defining Unicode char U+015B (decimal 347)
   defining Unicode char U+015E (decimal 350)
   defining Unicode char U+015F (decimal 351)
   defining Unicode char U+0160 (decimal 352)
   defining Unicode char U+0161 (decimal 353)
   defining Unicode char U+0162 (decimal 354)
   defining Unicode char U+0163 (decimal 355)
   defining Unicode char U+0164 (decimal 356)
   defining Unicode char U+0165 (decimal 357)
   defining Unicode char U+016E (decimal 366)
   defining Unicode char U+016F (decimal 367)
   defining Unicode char U+0170 (decimal 368)
   defining Unicode char U+0171 (decimal 369)
   defining Unicode char U+0178 (decimal 376)
   defining Unicode char U+0179 (decimal 377)
   defining Unicode char U+017A (decimal 378)
   defining Unicode char U+017B (decimal 379)
   defining Unicode char U+017C (decimal 380)
   defining Unicode char U+017D (decimal 381)
   defining Unicode char U+017E (decimal 382)
   defining Unicode char U+200C (decimal 8204)
   defining Unicode char U+2013 (decimal 8211)
   defining Unicode char U+2014 (decimal 8212)
   defining Unicode char U+2018 (decimal 8216)
   defining Unicode char U+2019 (decimal 8217)
   defining Unicode char U+201A (decimal 8218)
   defining Unicode char U+201C (decimal 8220)
   defining Unicode char U+201D (decimal 8221)
   defining Unicode char U+201E (decimal 8222)
   defining Unicode char U+2030 (decimal 8240)
   defining Unicode char U+2031 (decimal 8241)
   defining Unicode char U+2039 (decimal 8249)
   defining Unicode char U+203A (decimal 8250)
   defining Unicode char U+2423 (decimal 9251)
)
Now handling font encoding OT1 ...
... processing UTF-8 mapping file for font encoding OT1

("C:\Program Files\MiKTeX 2.9\tex\latex\base\ot1enc.dfu"
File: ot1enc.dfu 2008/04/05 v1.1m UTF-8 support for inputenc
   defining Unicode char U+00A1 (decimal 161)
   defining Unicode char U+00A3 (decimal 163)
   defining Unicode char U+00B8 (decimal 184)
   defining Unicode char U+00BF (decimal 191)
   defining Unicode char U+00C5 (decimal 197)
   defining Unicode char U+00C6 (decimal 198)
   defining Unicode char U+00D8 (decimal 216)
   defining Unicode char U+00DF (decimal 223)
   defining Unicode char U+00E6 (decimal 230)
   defining Unicode char U+00EC (decimal 236)
   defining Unicode char U+00ED (decimal 237)
   defining Unicode char U+00EE (decimal 238)
   defining Unicode char U+00EF (decimal 239)
   defining Unicode char U+00F8 (decimal 248)
   defining Unicode char U+0131 (decimal 305)
   defining Unicode char U+0141 (decimal 321)
   defining Unicode char U+0142 (decimal 322)
   defining Unicode char U+0152 (decimal 338)
   defining Unicode char U+0153 (decimal 339)
   defining Unicode char U+2013 (decimal 8211)
   defining Unicode char U+2014 (decimal 8212)
   defining Unicode char U+2018 (decimal 8216)
   defining Unicode char U+2019 (decimal 8217)
   defining Unicode char U+201C (decimal 8220)
   defining Unicode char U+201D (decimal 8221)
)
Now handling font encoding OMS ...
... processing UTF-8 mapping file for font encoding OMS

("C:\Program Files\MiKTeX 2.9\tex\latex\base\omsenc.dfu"
File: omsenc.dfu 2008/04/05 v1.1m UTF-8 support for inputenc
   defining Unicode char U+00A7 (decimal 167)
   defining Unicode char U+00B6 (decimal 182)
   defining Unicode char U+00B7 (decimal 183)
   defining Unicode char U+2020 (decimal 8224)
   defining Unicode char U+2021 (decimal 8225)
   defining Unicode char U+2022 (decimal 8226)
)
Now handling font encoding OMX ...
... no UTF-8 mapping file for font encoding OMX
Now handling font encoding U ...
... no UTF-8 mapping file for font encoding U
   defining Unicode char U+00A9 (decimal 169)
   defining Unicode char U+00AA (decimal 170)
   defining Unicode char U+00AE (decimal 174)
   defining Unicode char U+00BA (decimal 186)
   defining Unicode char U+02C6 (decimal 710)
   defining Unicode char U+02DC (decimal 732)
   defining Unicode char U+200C (decimal 8204)
   defining Unicode char U+2026 (decimal 8230)
   defining Unicode char U+2122 (decimal 8482)
   defining Unicode char U+2423 (decimal 9251)
))
("C:\Program Files\MiKTeX 2.9\tex\latex\psnfss\charter.sty"
Package: charter 2005/04/12 PSNFSS-v9.2a (P.Dyballa) 
)
("C:\Program Files\MiKTeX 2.9\tex\latex\graphics\graphicx.sty"
Package: graphicx 1999/02/16 v1.0f Enhanced LaTeX Graphics (DPC,SPQR)

("C:\Program Files\MiKTeX 2.9\tex\latex\graphics\keyval.sty"
Package: keyval 1999/03/16 v1.13 key=value parser (DPC)
\KV@toks@=\toks17
)
("C:\Program Files\MiKTeX 2.9\tex\latex\graphics\graphics.sty"
Package: graphics 2009/02/05 v1.0o Standard LaTeX Graphics (DPC,SPQR)

("C:\Program Files\MiKTeX 2.9\tex\latex\graphics\trig.sty"
Package: trig 1999/03/16 v1.09 sin cos tan (DPC)
)
("C:\Program Files\MiKTeX 2.9\tex\latex\00miktex\graphics.cfg"
File: graphics.cfg 2007/01/18 v1.5 graphics configuration of teTeX/TeXLive
)
Package graphics Info: Driver file: pdftex.def on input line 91.

("C:\Program Files\MiKTeX 2.9\tex\latex\pdftex-def\pdftex.def"
File: pdftex.def 2011/05/27 v0.06d Graphics/color for pdfTeX

("C:\Program Files\MiKTeX 2.9\tex\generic\oberdiek\infwarerr.sty"
Package: infwarerr 2010/04/08 v1.3 Providing info/warning/error messages (HO)
)
("C:\Program Files\MiKTeX 2.9\tex\generic\oberdiek\ltxcmds.sty"
Package: ltxcmds 2011/11/09 v1.22 LaTeX kernel commands for general use (HO)
)
\Gread@gobject=\count90
))
\Gin@req@height=\dimen104
\Gin@req@width=\dimen105
)
("C:\Program Files\MiKTeX 2.9\tex\latex\paralist\paralist.sty"
Package: paralist 2013/06/09 v2.4 Extended list environments
\pltopsep=\skip43
\plpartopsep=\skip44
\plitemsep=\skip45
\plparsep=\skip46
\pl@lab=\toks18
)
(C:\Users\Agustina\Documents\GitHub\orga2\tp2\documentos\codesnippet.tex
("C:\Program Files\MiKTeX 2.9\tex\latex\graphics\color.sty"
Package: color 2005/11/14 v1.0j Standard LaTeX Color (DPC)

("C:\Program Files\MiKTeX 2.9\tex\latex\00miktex\color.cfg"
File: color.cfg 2007/01/18 v1.5 color configuration of teTeX/TeXLive
)
Package color Info: Driver file: pdftex.def on input line 130.
)
("C:\Program Files\MiKTeX 2.9\tex\latex\fancybox\fancybox.sty"
Package: fancybox 2010/05/15 1.4

Style option: `fancybox' v1.4 <2010/05/15> (tvz)
\@fancybox=\box26
\shadowsize=\dimen106
\@Sbox=\box27
\do@VerbBox=\toks19
\the@fancyput=\toks20
\this@fancyput=\toks21
\EndVerbatimTokens=\toks22
\Verbatim@Outfile=\write3
\Verbatim@Infile=\read1
)) (C:\Users\Agustina\Documents\GitHub\orga2\tp2\documentos\page.layout.tex
("C:\Program Files\MiKTeX 2.9\tex\latex\fancyhdr\fancyhdr.sty"
\fancy@headwidth=\skip47
\f@ncyO@elh=\skip48
\f@ncyO@erh=\skip49
\f@ncyO@olh=\skip50
\f@ncyO@orh=\skip51
\f@ncyO@elf=\skip52
\f@ncyO@erf=\skip53
\f@ncyO@olf=\skip54
\f@ncyO@orf=\skip55
))
("C:\Program Files\MiKTeX 2.9\tex\latex\underscore\underscore.sty"
Package: underscore 2006/09/13
LaTeX Info: Redefining \_ on input line 42.
)
(C:\Users\Agustina\Documents\GitHub\orga2\tp2\documentos\caratula.sty
Package: caratula 2005/08/09 v0.3 Para componer caratulas de TPs del DC

Cargando package 'caratula' v0.3 (2005/08/09)
\intlist=\toks23
) ("C:\Program Files\MiKTeX 2.9\tex\latex\ltxmisc\url.sty"
\Urlmuskip=\muskip10
Package: url 2006/04/12  ver 3.3  Verb mode for urls, etc.
)
(C:\Users\Agustina\Documents\GitHub\orga2\tp2\documentos\informe.aux)
LaTeX Font Info:    Checking defaults for OML/cmm/m/it on input line 44.
LaTeX Font Info:    ... okay on input line 44.
LaTeX Font Info:    Checking defaults for T1/cmr/m/n on input line 44.
LaTeX Font Info:    ... okay on input line 44.
LaTeX Font Info:    Checking defaults for OT1/cmr/m/n on input line 44.
LaTeX Font Info:    ... okay on input line 44.
LaTeX Font Info:    Checking defaults for OMS/cmsy/m/n on input line 44.
LaTeX Font Info:    ... okay on input line 44.
LaTeX Font Info:    Checking defaults for OMX/cmex/m/n on input line 44.
LaTeX Font Info:    ... okay on input line 44.
LaTeX Font Info:    Checking defaults for U/cmr/m/n on input line 44.
LaTeX Font Info:    ... okay on input line 44.
LaTeX Font Info:    Try loading font information for OT1+bch on input line 44.

("C:\Program Files\MiKTeX 2.9\tex\latex\psnfss\ot1bch.fd"
File: ot1bch.fd 2004/10/18 font definitions for OT1/bch.
)
("C:\Program Files\MiKTeX 2.9\tex\context\base\supp-pdf.mkii"
[Loading MPS to PDF converter (version 2006.09.02).]
\scratchcounter=\count91
\scratchdimen=\dimen107
\scratchbox=\box28
\nofMPsegments=\count92
\nofMParguments=\count93
\everyMPshowfont=\toks24
\MPscratchCnt=\count94
\MPscratchDim=\dimen108
\MPnumerator=\count95
\makeMPintoPDFobject=\count96
\everyMPtoPDFconversion=\toks25
) <imagenes/logodc.jpg, id=1, 215.6055pt x 83.5923pt>
File: imagenes/logodc.jpg Graphic file (type jpg)

<use imagenes/logodc.jpg>
Package pdftex.def Info: imagenes/logodc.jpg used on input line 56.
(pdftex.def)             Requested size: 215.60497pt x 83.59207pt.
LaTeX Font Info:    External font `cmex10' loaded for size
(Font)              <7> on input line 56.
LaTeX Font Info:    External font `cmex10' loaded for size
(Font)              <5> on input line 56.

<imagenes/logouba.jpg, id=2, 225.4824pt x 231.7458pt>
File: imagenes/logouba.jpg Graphic file (type jpg)

<use imagenes/logouba.jpg>
Package pdftex.def Info: imagenes/logouba.jpg used on input line 56.
(pdftex.def)             Requested size: 225.48184pt x 231.74522pt.


LaTeX Font Warning: Font shape `OT1/cmss/b/n' undefined
(Font)              using `OT1/cmss/m/n' instead on input line 56.


Underfull \hbox (badness 10000) in paragraph at lines 56--56

 []


Overfull \hbox (22.76358pt too wide) in paragraph at lines 56--56
[][][] 
 []

[1

{C:/ProgramData/MiKTeX/2.9/pdftex/config/pdftex.map} <C:/Users/Agustina/Documen
ts/GitHub/orga2/tp2/documentos/imagenes/logodc.jpg> <C:/Users/Agustina/Document
s/GitHub/orga2/tp2/documentos/imagenes/logouba.jpg>]
(C:\Users\Agustina\Documents\GitHub\orga2\tp2\documentos\informe.toc)
\tf@toc=\write4
 [2]
Underfull \hbox (badness 10000) in paragraph at lines 85--91

 []


Underfull \hbox (badness 10000) in paragraph at lines 85--91

 []

[3]
Underfull \hbox (badness 10000) in paragraph at lines 98--109

 []


Overfull \hbox (6.0pt too wide) in paragraph at lines 109--109
 [][][][][][] 
 []


Underfull \hbox (badness 10000) in paragraph at lines 111--117

 []


Overfull \hbox (6.0pt too wide) in paragraph at lines 117--117
 [][][][][][] 
 []


Underfull \hbox (badness 10000) in paragraph at lines 118--125

 []


Overfull \hbox (6.0pt too wide) in paragraph at lines 125--125
 [][][][][][] 
 []


Underfull \hbox (badness 10000) in paragraph at lines 127--132

 []


Overfull \hbox (6.0pt too wide) in paragraph at lines 132--132
 [][][][][][] 
 []


Underfull \hbox (badness 10000) in paragraph at lines 133--139

 []


Overfull \hbox (6.0pt too wide) in paragraph at lines 139--139
 [][][][][][] 
 []


Overfull \hbox (6.0pt too wide) in paragraph at lines 150--150
 [][][][][][] 
 []

[4]
Overfull \hbox (6.0pt too wide) in paragraph at lines 184--184
 [][][][][][] 
 []


Overfull \hbox (6.0pt too wide) in paragraph at lines 195--195
 [][][][][][] 
 []


Overfull \hbox (6.0pt too wide) in paragraph at lines 204--204
 [][][][][][] 
 []

[5]
Overfull \hbox (6.0pt too wide) in paragraph at lines 215--215
 [][][][][][] 
 []


Overfull \hbox (6.0pt too wide) in paragraph at lines 225--225
 [][][][][][] 
 []


Overfull \hbox (6.0pt too wide) in paragraph at lines 234--234
 [][][][][][] 
 []


Overfull \hbox (6.0pt too wide) in paragraph at lines 253--253
 [][][][][][] 
 []


Overfull \hbox (6.0pt too wide) in paragraph at lines 271--271
 [][][][][][] 
 []

[6]
Overfull \hbox (6.0pt too wide) in paragraph at lines 286--286
 [][][][][][] 
 []


Overfull \hbox (6.0pt too wide) in paragraph at lines 305--305
 [][][][][][] 
 []


Overfull \hbox (6.0pt too wide) in paragraph at lines 327--327
 [][][][][][] 
 []

[7]
Overfull \hbox (6.0pt too wide) in paragraph at lines 348--348
 [][][][][][] 
 []


Overfull \hbox (6.0pt too wide) in paragraph at lines 376--376
 [][][][][][] 
 []

[8]
Overfull \hbox (6.0pt too wide) in paragraph at lines 386--386
 [][][][][][] 
 []


Overfull \hbox (6.0pt too wide) in paragraph at lines 395--395
 [][][][][][] 
 []

[9]
Overfull \hbox (6.0pt too wide) in paragraph at lines 422--422
 [][][][][][] 
 []


Overfull \hbox (6.0pt too wide) in paragraph at lines 432--432
 [][][][][][] 
 []


Overfull \hbox (6.0pt too wide) in paragraph at lines 441--441
 [][][][][][] 
 []


Overfull \hbox (6.0pt too wide) in paragraph at lines 459--459
 [][][][][][] 
 []

[10]
Overfull \hbox (6.0pt too wide) in paragraph at lines 488--488
 [][][][][][] 
 []


Overfull \hbox (6.0pt too wide) in paragraph at lines 543--543
 [][][][][][] 
 []

[11]
Overfull \hbox (6.0pt too wide) in paragraph at lines 566--566
 [][][][][][] 
 []

[12]
Overfull \hbox (6.0pt too wide) in paragraph at lines 576--576
 [][][][][][] 
 []


Overfull \hbox (6.0pt too wide) in paragraph at lines 585--585
 [][][][][][] 
 []

[13]
Overfull \hbox (6.0pt too wide) in paragraph at lines 598--598
 [][][][][][] 
 []


Overfull \hbox (6.0pt too wide) in paragraph at lines 612--612
 [][][][][][] 
 []


Underfull \hbox (badness 10000) in paragraph at lines 614--625

 []


Overfull \hbox (6.0pt too wide) in paragraph at lines 625--625
 [][][][][][] 
 []


Overfull \hbox (6.0pt too wide) in paragraph at lines 650--650
 [][][][][][] 
 []

[14]
Overfull \hbox (6.0pt too wide) in paragraph at lines 661--661
 [][][][][][] 
 []


Overfull \hbox (6.0pt too wide) in paragraph at lines 680--680
 [][][][][][] 
 []


Overfull \hbox (6.0pt too wide) in paragraph at lines 707--707
 [][][][][][] 
 []

[15]
Overfull \hbox (6.0pt too wide) in paragraph at lines 728--728
 [][][][][][] 
 []


Overfull \hbox (6.0pt too wide) in paragraph at lines 749--749
 [][][][][][] 
 []


Overfull \hbox (6.0pt too wide) in paragraph at lines 767--767
 [][][][][][] 
 []

[16]
Overfull \hbox (6.0pt too wide) in paragraph at lines 783--783
 [][][][][][] 
 []


Overfull \hbox (6.0pt too wide) in paragraph at lines 792--792
 [][][][][][] 
 []


Overfull \hbox (6.0pt too wide) in paragraph at lines 801--801
 [][][][][][] 
 []

[17] (C:\Users\Agustina\Documents\GitHub\orga2\tp2\documentos\enunciado.tex
LaTeX Font Info:    External font `cmex10' loaded for size
(Font)              <8> on input line 20.
LaTeX Font Info:    External font `cmex10' loaded for size
(Font)              <6> on input line 20.
Missing character: There is no Ã in font cmtt8!
Missing character: There is no ­ in font cmtt8!

Overfull \hbox (6.0pt too wide) in paragraph at lines 50--50
 [][][][][][] 
 []


Underfull \hbox (badness 10000) in paragraph at lines 52--63

 []


Underfull \hbox (badness 10000) in paragraph at lines 52--63

 []


Underfull \hbox (badness 10000) in paragraph at lines 69--84

 []


Underfull \hbox (badness 10000) in paragraph at lines 69--84

 []


Underfull \hbox (badness 10000) in paragraph at lines 69--84

 []

[18]
Underfull \hbox (badness 10000) in paragraph at lines 86--123

 []


Underfull \hbox (badness 10000) in paragraph at lines 86--123

 []


Underfull \hbox (badness 10000) in paragraph at lines 86--123

 []


Underfull \hbox (badness 10000) in paragraph at lines 86--123

 []


Underfull \hbox (badness 10000) in paragraph at lines 125--129

 []


Underfull \hbox (badness 10000) in paragraph at lines 125--129

 []


Underfull \hbox (badness 10000) in paragraph at lines 125--129

 []


Underfull \hbox (badness 10000) in paragraph at lines 130--133

 []

[19]
Underfull \hbox (badness 10000) in paragraph at lines 134--135

 []

<imagenes/asm1.png, id=78, 495.35063pt x 310.91156pt>
File: imagenes/asm1.png Graphic file (type png)
 <use imagenes/asm1.png>
Package pdftex.def Info: imagenes/asm1.png used on input line 138.
(pdftex.def)             Requested size: 318.66946pt x 200.01692pt.

[20 <C:/Users/Agustina/Documents/GitHub/orga2/tp2/documentos/imagenes/asm1.png>
] <imagenes/C1.png, id=82, 545.78906pt x 321.45094pt>
File: imagenes/C1.png Graphic file (type png)
 <use imagenes/C1.png>
Package pdftex.def Info: imagenes/C1.png used on input line 147.
(pdftex.def)             Requested size: 318.66946pt x 187.68752pt.

Underfull \hbox (badness 10000) in paragraph at lines 153--154

 []


Underfull \hbox (badness 10000) in paragraph at lines 156--157

 []


Underfull \hbox (badness 10000) in paragraph at lines 158--197

 []


Underfull \hbox (badness 10000) in paragraph at lines 158--197

 []


Underfull \hbox (badness 10000) in paragraph at lines 158--197

 []


Underfull \hbox (badness 10000) in paragraph at lines 198--200

 []


Underfull \hbox (badness 10000) in paragraph at lines 198--200

 []

[21 <C:/Users/Agustina/Documents/GitHub/orga2/tp2/documentos/imagenes/C1.png>]
Underfull \hbox (badness 10000) in paragraph at lines 201--203

 []

<imagenes/perdidaASM.png, id=86, 369.63094pt x 420.06938pt>
File: imagenes/perdidaASM.png Graphic file (type png)

<use imagenes/perdidaASM.png>
Package pdftex.def Info: imagenes/perdidaASM.png used on input line 213.
(pdftex.def)             Requested size: 318.66946pt x 362.1564pt.
 [22 <C:/Users/Agustina/Documents/GitHub/orga2/tp2/documentos/imagenes/perdidaA
SM.png>]
<imagenes/perdidaC.png, id=92, 435.87843pt x 331.2375pt>
File: imagenes/perdidaC.png Graphic file (type png)

<use imagenes/perdidaC.png>
Package pdftex.def Info: imagenes/perdidaC.png used on input line 221.
(pdftex.def)             Requested size: 318.66946pt x 242.16527pt.

Underfull \hbox (badness 10000) in paragraph at lines 226--227

 []


Underfull \hbox (badness 10000) in paragraph at lines 228--230

 []


Underfull \hbox (badness 10000) in paragraph at lines 228--230

 []


Underfull \hbox (badness 10000) in paragraph at lines 234--237

 []


Underfull \hbox (badness 10000) in paragraph at lines 234--237

 []


Underfull \hbox (badness 10000) in paragraph at lines 242--245

 []


Underfull \hbox (badness 10000) in paragraph at lines 242--245

 []

[23 <C:/Users/Agustina/Documents/GitHub/orga2/tp2/documentos/imagenes/perdidaC.
png>]
Underfull \hbox (badness 10000) in paragraph at lines 248--270

 []


Underfull \hbox (badness 10000) in paragraph at lines 248--270

 []


Underfull \hbox (badness 10000) in paragraph at lines 248--270

 []


Underfull \hbox (badness 10000) in paragraph at lines 248--270

 []

<imagenes/14.jpg, id=97, 362.10281pt x 349.305pt>
File: imagenes/14.jpg Graphic file (type jpg)
 <use imagenes/14.jpg>
Package pdftex.def Info: imagenes/14.jpg used on input line 273.
(pdftex.def)             Requested size: 318.66946pt x 307.41066pt.

[24 <C:/Users/Agustina/Documents/GitHub/orga2/tp2/documentos/imagenes/14.jpg>]
Underfull \hbox (badness 10000) in paragraph at lines 303--334

 []


Underfull \hbox (badness 10000) in paragraph at lines 303--334

 []


Underfull \hbox (badness 10000) in paragraph at lines 303--334

 []


Underfull \hbox (badness 10000) in paragraph at lines 303--334

 []


Underfull \hbox (badness 10000) in paragraph at lines 303--334

 []

<imagenes/15.png, id=101, 630.85687pt x 326.72063pt>
File: imagenes/15.png Graphic file (type png)
 <use imagenes/15.png>
Package pdftex.def Info: imagenes/15.png used on input line 337.
(pdftex.def)             Requested size: 364.19664pt x 188.62067pt.

[25 <C:/Users/Agustina/Documents/GitHub/orga2/tp2/documentos/imagenes/15.png>]
[26]
Underfull \hbox (badness 10000) in paragraph at lines 354--376

 []


Underfull \hbox (badness 10000) in paragraph at lines 354--376

 []


Underfull \hbox (badness 10000) in paragraph at lines 354--376

 []


Underfull \hbox (badness 10000) in paragraph at lines 354--376

 []


Underfull \hbox (badness 10000) in paragraph at lines 354--376

 []

<imagenes/21.jpg, id=109, 362.10281pt x 388.45125pt>
File: imagenes/21.jpg Graphic file (type jpg)
 <use imagenes/21.jpg>
Package pdftex.def Info: imagenes/21.jpg used on input line 379.
(pdftex.def)             Requested size: 318.66946pt x 341.86185pt.

[27 <C:/Users/Agustina/Documents/GitHub/orga2/tp2/documentos/imagenes/21.jpg>]
Underfull \hbox (badness 10000) in paragraph at lines 392--394

 []


Underfull \hbox (badness 10000) in paragraph at lines 395--416

 []


Underfull \hbox (badness 10000) in paragraph at lines 395--416

 []


Underfull \hbox (badness 10000) in paragraph at lines 395--416

 []

<imagenes/21B.png, id=113, 667.74469pt x 299.61937pt>
File: imagenes/21B.png Graphic file (type png)
 <use imagenes/21B.png>
Package pdftex.def Info: imagenes/21B.png used on input line 420.
(pdftex.def)             Requested size: 409.71689pt x 183.8465pt.

Underfull \hbox (badness 10000) in paragraph at lines 424--425

 []


Underfull \hbox (badness 10000) in paragraph at lines 426--427

 []

[28 <C:/Users/Agustina/Documents/GitHub/orga2/tp2/documentos/imagenes/21B.png>]

Underfull \hbox (badness 10000) in paragraph at lines 442--452

 []

<imagenes/saltitos.png, id=117, 489.32813pt x 318.43968pt>
File: imagenes/saltitos.png Graphic file (type png)

<use imagenes/saltitos.png>
Package pdftex.def Info: imagenes/saltitos.png used on input line 455.
(pdftex.def)             Requested size: 318.66946pt x 207.38177pt.

Underfull \hbox (badness 10000) in paragraph at lines 459--460

 []


Underfull \hbox (badness 10000) in paragraph at lines 461--462

 []


Underfull \hbox (badness 10000) in paragraph at lines 463--465

 []


Underfull \hbox (badness 10000) in paragraph at lines 463--465

 []


Underfull \hbox (badness 10000) in paragraph at lines 467--468

 []

[29 <C:/Users/Agustina/Documents/GitHub/orga2/tp2/documentos/imagenes/saltitos.
png>]
Underfull \hbox (badness 10000) in paragraph at lines 474--494

 []


Underfull \hbox (badness 10000) in paragraph at lines 474--494

 []


Underfull \hbox (badness 10000) in paragraph at lines 474--494

 []


Underfull \hbox (badness 10000) in paragraph at lines 474--494

 []

<imagenes/32.jpg, id=121, 362.10281pt x 445.665pt>
File: imagenes/32.jpg Graphic file (type jpg)
 <use imagenes/32.jpg>
Package pdftex.def Info: imagenes/32.jpg used on input line 497.
(pdftex.def)             Requested size: 273.14922pt x 336.186pt.

[30 <C:/Users/Agustina/Documents/GitHub/orga2/tp2/documentos/imagenes/32.jpg>]
Underfull \hbox (badness 10000) in paragraph at lines 514--535

 []


Underfull \hbox (badness 10000) in paragraph at lines 514--535

 []


Underfull \hbox (badness 10000) in paragraph at lines 514--535

 []


Underfull \hbox (badness 10000) in paragraph at lines 514--535

 []


Underfull \hbox (badness 10000) in paragraph at lines 514--535

 []

<imagenes/41.jpg, id=125, 362.10281pt x 402.75468pt>
File: imagenes/41.jpg Graphic file (type jpg)
 <use imagenes/41.jpg>
Package pdftex.def Info: imagenes/41.jpg used on input line 538.
(pdftex.def)             Requested size: 318.66946pt x 354.44978pt.

Underfull \hbox (badness 10000) in paragraph at lines 541--542

 []

[31 <C:/Users/Agustina/Documents/GitHub/orga2/tp2/documentos/imagenes/41.jpg>])

Underfull \hbox (badness 10000) in paragraph at lines 809--810

 []


Underfull \hbox (badness 10000) in paragraph at lines 811--812

 []

[32] (C:\Users\Agustina\Documents\GitHub\orga2\tp2\documentos\informe.aux)

LaTeX Font Warning: Some font shapes were not available, defaults substituted.

 ) 
Here is how much of TeX's memory you used:
 2726 strings out of 493921
 35003 string characters out of 3147274
 100727 words of memory out of 3000000
 5954 multiletter control sequences out of 15000+200000
 31070 words of font info for 52 fonts, out of 3000000 for 9000
 841 hyphenation exceptions out of 8191
 31i,12n,43p,1379b,418s stack positions out of 5000i,500n,10000p,200000b,50000s
{C:/Program Files/MiKTeX 2.9/fonts/enc/dvips/fontname/8r.enc}<C:/Program File
s/MiKTeX 2.9/fonts/type1/bitstrea/charter/bchb8a.pfb><C:/Program Files/MiKTeX 2
.9/fonts/type1/bitstrea/charter/bchbi8a.pfb><C:/Program Files/MiKTeX 2.9/fonts/
type1/bitstrea/charter/bchr8a.pfb><C:/Program Files/MiKTeX 2.9/fonts/type1/bits
trea/charter/bchri8a.pfb><C:/Program Files/MiKTeX 2.9/fonts/type1/public/amsfon
ts/cm/cmex10.pfb><C:/Program Files/MiKTeX 2.9/fonts/type1/public/amsfonts/cm/cm
mi10.pfb><C:/Program Files/MiKTeX 2.9/fonts/type1/public/amsfonts/cm/cmmi7.pfb>
<C:/Program Files/MiKTeX 2.9/fonts/type1/public/amsfonts/cm/cmr10.pfb><C:/Progr
am Files/MiKTeX 2.9/fonts/type1/public/amsfonts/cm/cmr7.pfb><C:/Program Files/M
iKTeX 2.9/fonts/type1/public/amsfonts/cm/cmss10.pfb><C:/Program Files/MiKTeX 2.
9/fonts/type1/public/amsfonts/cm/cmsy10.pfb><C:/Program Files/MiKTeX 2.9/fonts/
type1/public/amsfonts/cm/cmtt10.pfb><C:/Program Files/MiKTeX 2.9/fonts/type1/pu
blic/amsfonts/cm/cmtt8.pfb><C:/Program Files/MiKTeX 2.9/fonts/type1/public/amsf
onts/cm/cmtt9.pfb>
Output written on informe.pdf (32 pages, 775701 bytes).
PDF statistics:
 178 PDF objects out of 1000 (max. 8388607)
 0 named destinations out of 1000 (max. 500000)
 66 words of extra memory for PDF output out of 10000 (max. 10000000)

